C51 COMPILER V9.60.0.0   SIDEKEY                                                           04/29/2025 17:16:19 PAGE 1   


C51 COMPILER V9.60.0.0, COMPILATION OF MODULE SIDEKEY
OBJECT MODULE PLACED IN .\Objects\SideKey.obj
COMPILER INVOKED BY: C:\Keil_v5\C51\BIN\C51.EXE Hardware\SideKey.c OMF2 OPTIMIZE(9,SPEED) BROWSE MODDP2 INCDIR(.\StdDriv
                    -er\inc;.\Hardware;.\include\Hardware;.\include\Logic;.\include\Middleware;.\include\System) DEFINE(EnableStdGPIO) DEBUG 
                    -PRINT(.\Listings\SideKey.lst) TABS(2) OBJECT(.\Objects\SideKey.obj)

line level    source

   1          #include "delay.h"
   2          #include "SideKey.h"
   3          #include "GPIO.h"
   4          #include "cms8s6990.h"
   5          #include "PinDefs.h"
   6          #include "SpecialMode.h"
   7          
   8          //å‡½æ•°
   9          void LoadSleepTimer(void);
  10          
  11          //å…¨å±€å˜é‡
  12          sbit KeyPress=SideKeyGPIOP^SideKeyGPIOx; //ä¾§æŒ‰æŒ‰é”®è¾“å…¥
  13          static bit IsKeyPressed; //æŒ‰é”®æ˜¯å¦æŒ‰ä¸‹
  14          static unsigned char KeyTimer[2];//è®¡æ—¶å™¨0ç”¨äºæŒ‰é”®æŒ‰ä¸‹è®¡æ—¶ï¼Œè®¡æ—¶å™¨1ç”¨äºè¿æŒ‰æ£€æµ‹è®¡æ—¶
  15          static KeyEventStrDef Keyevent; //æŒ‰é”®äº‹ä»¶
  16          
  17          //å†…éƒ¨æŒ‰é”®æ£€æµ‹ç”¨çš„å˜é‡
  18          xdata unsigned char KeyState;
  19          
  20          //ä¾§æŒ‰æŒ‰é”®çš„ä¸­æ–­å‘é‡å’ŒæŒ‰é”®Flagæ¸…é™¤è‡ªåŠ¨å®šä¹‰ï¼Œä¸å¾—ä¿®æ”¹ï¼
  21          #if (SideKeyGPIOG == 0)
  22            #define SideKeyIRQ P0EI_VECTOR
  23            #define ClearKeyIntFlag() P0EXTIF=0  
  24          #elif (SideKeyGPIOG == 1)
                #define SideKeyIRQ P1EI_VECTOR
                #define ClearKeyIntFlag() P1EXTIF=0  
              #elif (SideKeyGPIOG == 2)
                #define SideKeyIRQ P2EI_VECTOR
                #define ClearKeyIntFlag() P2EXTIF=0  
              #elif (SideKeyGPIOG == 3) 
                #define SideKeyIRQ P3EI_VECTOR  
                #define ClearKeyIntFlag() P3EXTIF=0  
              #else
                #error "Invalid GPIO Group Number for SideKey GPIO!"
              #endif
  36          
  37          //GPIO2ä¸­æ–­å›è°ƒå¤„ç†å‡½æ•°
  38          void Key_IRQHandler(void) interrupt SideKeyIRQ 
  39            {
  40   1        //ä¾§æŒ‰ä¸­æ–­è§¦å‘ï¼Œå“åº”ä¸­æ–­
  41   1        SideKey_Int_Callback();  //è¿›è¡ŒæŒ‰é”®å“åº”
  42   1        //æŒ‰é”®Flagæ¸…é™¤
  43   1        ClearKeyIntFlag();
  44   1        }
  45          
  46          //è·å–æŒ‰é”®æ˜¯å¦æŒ‰ä¸‹
  47          bit GetIfKeyPressed(void)
  48            {
  49   1        return KeyPress?0:1;
  50   1        } 
  51            
  52          //åˆå§‹åŒ–ä¾§æŒ‰é”®
  53          void SideKeyInit(void)
C51 COMPILER V9.60.0.0   SIDEKEY                                                           04/29/2025 17:16:19 PAGE 2   

  54            {
  55   1        GPIOCfgDef KeyInitCfg;
  56   1        //è®¾ç½®ç»“æ„ä½“
  57   1        KeyInitCfg.Mode=GPIO_IPU;
  58   1        KeyInitCfg.Slew=GPIO_Slow_Slew;   
  59   1        KeyInitCfg.DRVCurrent=GPIO_Low_Current; //é…ç½®ä¸ºä¸Šæ‹‰è¾“å…¥
  60   1        //æŒ‰é”®è¾“å…¥åˆå§‹åŒ–
  61   1        GPIO_SetMUXMode(SideKeyGPIOG,SideKeyGPIOx,GPIO_AF_GPIO); //é…ç½®ä¸ºGPIO      
  62   1        GPIO_ConfigGPIOMode(SideKeyGPIOG,GPIOMask(SideKeyGPIOx),&KeyInitCfg);//æŒ‰é”®è¾“å…¥
  63   1        GPIO_EnableInt(SideKeyGPIOG,GPIOMask(SideKeyGPIOx)); //ä½¿èƒ½ä¸­æ–­åŠŸèƒ½
  64   1        GPIO_SetExtIntMode(SideKeyGPIOG,SideKeyGPIOx,GPIO_Int_Falling);//è®¾ç½®ä¸ºä¸‹é™æ²¿è§¦å‘
  65   1        EIP1|=0x04; //å°†æŒ‰é”®ä¸­æ–­è®¾ç½®ä¸ºé«˜ä¼˜å…ˆçº§
  66   1        //åˆå§‹åŒ–ç»“æ„ä½“å†…å®¹å’Œå®šæ—¶å™¨
  67   1        LoadSleepTimer();
  68   1        KeyState=0xFF;
  69   1        KeyTimer[0]=0x00;
  70   1        KeyTimer[1]=0x00;
  71   1        Keyevent.ShortPressCount=0;
  72   1        Keyevent.ShortPressEvent=0;
  73   1        Keyevent.HoldStat=HoldEvent_None;
  74   1        }
  75            
  76          //æ£€æµ‹æ˜¯å¦æœ‰äº‹ä»¶å‘ç”Ÿ
  77          bit IsKeyEventOccurred(void)
  78            {
  79   1        if(Keyevent.HoldStat!=HoldEvent_None)return 1;
  80   1        if(Keyevent.ShortPressEvent)return 1;
  81   1        //ä»€ä¹ˆä¹Ÿæ²¡æœ‰ï¼Œé€€å‡ºä¸å¤„ç†
  82   1        return 0; 
  83   1        } 
  84          
  85          //ä¾§æŒ‰æŒ‰é”®è®¡æ—¶æ¨¡å—
  86          void SideKey_TIM_Callback(void)
  87            {
  88   1        unsigned char buf,i,Time;
  89   1        extern bit IsTacMode;
  90   1        //å®šæ—¶å™¨å¤„ç†ï¼ˆå…¶ä¸­0ç”¨äºçŸ­æŒ‰/é•¿æŒ‰åˆ¤æ–­è®¡æ—¶ï¼Œ1ç”¨äºè¿ç»­çŸ­æŒ‰ç»ˆæ­¢è®¡æ—¶ï¼‰
  91   1        for(i=0;i<2;i++)if(KeyTimer[i]&0x80)
  92   1          {
  93   2          buf=KeyTimer[i]&0x7F;
  94   2          if(!i)Time=SysMode?(unsigned char)LongPressTimeForTac:(unsigned char)LongPressTime;
  95   2          else Time=(unsigned char)ContShortPressWindow;
  96   2          if(buf<Time)buf++;
  97   2          KeyTimer[i]&=0x80;
  98   2          KeyTimer[i]|=buf; //å°†æ•°å€¼å–å‡ºæ¥ï¼ŒåŠ 1å†å†™å›å»
  99   2          }
 100   1        }
 101          
 102          //ä¾§æŒ‰GPIOä¸­æ–­å›è°ƒå¤„ç†
 103          void SideKey_Int_Callback(void)
 104            {
 105   1        unsigned char time;
 106   1        //å¼€å§‹å“åº”
 107   1        if(GPIO_GetExtIntMode(SideKeyGPIOG,SideKeyGPIOx)==GPIO_Int_Rising)
 108   1          {
 109   2          IsKeyPressed = 0;
 110   2          time=KeyTimer[0]&0x7F;//ä»è®¡æ—¶å™¨å–å‡ºæŒ‰é”®æŒ‰ä¸‹æ—¶é—´
 111   2          KeyTimer[0]=0;//å¤ä½å¹¶å…³é—­å®šæ—¶å™¨0
 112   2          if(Keyevent.LongPressDetected||Keyevent.HoldStat!=HoldEvent_None)//å¦‚æœå·²ç»æ£€æµ‹åˆ°é•¿æŒ‰äº‹ä»¶åˆ™ä
             -¸‹é¢ä»€ä¹ˆéƒ½ä¸åš
 113   2            {
 114   3            Keyevent.HoldStat=HoldEvent_None;
C51 COMPILER V9.60.0.0   SIDEKEY                                                           04/29/2025 17:16:19 PAGE 3   

 115   3            Keyevent.LongPressDetected=0;//æ¸…é™¤æ£€æµ‹åˆ°çš„è¡¨ç¤º
 116   3            }
 117   2          else if(time<(unsigned char)LongPressTime)//çŸ­æŒ‰äº‹ä»¶å‘ç”Ÿ      
 118   2            {
 119   3            if(Keyevent.ShortPressCount<10)Keyevent.ShortPressCount++;//ç´¯åŠ æœ‰æ•ˆçš„çŸ­æŒ‰æ¬¡æ•°
 120   3            KeyTimer[1]=0x80;//å¯åŠ¨çŸ­æŒ‰å®Œæ¯•ç­‰å¾…ç»Ÿè®¡çš„è®¡æ—¶å™¨
 121   3            }     
 122   2          }
 123   1        //æŒ‰é”®æŒ‰ä¸‹
 124   1        else
 125   1          {
 126   2          IsKeyPressed = 1;//æ ‡è®°æŒ‰é”®æŒ‰ä¸‹
 127   2          if(KeyTimer[1]&0x80)KeyTimer[1]=0x80;//å¤ä½
 128   2          if(!(KeyTimer[0]&0x80))KeyTimer[0]=0x80;//å¯åŠ¨è®¡æ—¶
 129   2          }
 130   1        //ç¦æ­¢INT0ä¸­æ–­
 131   1        GPIO_DisableInt(SideKeyGPIOG,GPIOMask(SideKeyGPIOx)); //ç¦æ­¢ä¸­æ–­åŠŸèƒ½
 132   1        KeyState=0xAA; //å¤ä½æ£€æµ‹æ¨¡å—
 133   1        }
 134          
 135          //æ ‡è®°æŒ‰é”®æŒ‰ä¸‹
 136          void MarkAsKeyPressed(void)
 137            {
 138   1        //ç¦æ­¢INT0ä¸­æ–­
 139   1        GPIO_DisableInt(SideKeyGPIOG,GPIOMask(SideKeyGPIOx)); //ç¦æ­¢ä¸­æ–­åŠŸèƒ½
 140   1        KeyState=0xAA; //å¤ä½æ£€æµ‹æ¨¡å—
 141   1        //æ ‡è®°æŒ‰é”®å·²è¢«æŒ‰ä¸‹
 142   1        IsKeyPressed = 1;//æ ‡è®°æŒ‰é”®æŒ‰ä¸‹
 143   1        if(KeyTimer[1]&0x80)KeyTimer[1]=0x80;//å¤ä½
 144   1        if(!(KeyTimer[0]&0x80))KeyTimer[0]=0x80;//å¯åŠ¨è®¡æ—¶
 145   1        }   
 146            
 147          //åœ¨å•å‡»åŒå‡»ä¸‰å‡»+é•¿æŒ‰è§¦å‘çš„æ—¶å€™æ¸…é™¤å•å‡»äº‹ä»¶çš„è®°å½•
 148          static void ClickAndHoldEventHandler(int PressCount)
 149            {
 150   1        KeyTimer[1]=0; //å…³é—­åéƒ¨æ£€æµ‹å®šæ—¶å™¨
 151   1        Keyevent.ShortPressEvent=0;
 152   1        Keyevent.ShortPressCount=0; //çŸ­æŒ‰æ¬¡æ•°ä¸º0
 153   1        Keyevent.LongPressDetected=0;
 154   1        //å¤šå‡»+é•¿æŒ‰
 155   1        Keyevent.HoldStat=(HoldEventDef)(PressCount+1);
 156   1        }
 157          //ä¾§æŒ‰é”®é€»è¾‘å¤„ç†å‡½æ•°
 158          void SideKey_LogicHandler(void)
 159            {   
 160   1        unsigned char buf;
 161   1        extern bit IsTacMode;
 162   1        //å¯¹æŒ‰é”®è¿›è¡Œå»æŠ–ä»¥åŠé‡æ–°æ‰“å¼€ä¸­æ–­çš„åˆ¤æ–­
 163   1        if(!GPIO_CheckIfIntEnabled(SideKeyGPIOG,GPIOMask(SideKeyGPIOx)))
 164   1          {
 165   2          //è¿›è¡ŒæŒ‰é”®æ£€æŸ¥
 166   2          KeyState<<=1;
 167   2          if(KeyPress)KeyState++;//é™„åŠ ç»“æœ
 168   2          //é‡æ–°æ‰“å¼€ä¸­æ–­
 169   2          buf=KeyState&KeyReleaseDetectMask;  
 170   2          if(buf==KeyReleaseDetectMask||buf==0x00)
 171   2            {
 172   3            LoadSleepTimer(); //åŠ è½½å®šæ—¶å™¨
 173   3            ClearKeyIntFlag();//æ¸…é™¤æŒ‰é”®å“åº”çš„Flag
 174   3            IsKeyPressed=buf==KeyReleaseDetectMask?0:1; //æ›´æ–°æŒ‰é”®çŠ¶æ€  
 175   3            GPIO_SetExtIntMode(SideKeyGPIOG,SideKeyGPIOx,buf==KeyReleaseDetectMask?GPIO_Int_Falling:GPIO_Int_Rising
             -);//å¦‚æœå½“å‰æŒ‰é”®æ˜¯æ¾å¼€çŠ¶æ€åˆ™è®¾ç½®ä¸ºä¸‹é™æ²¿ï¼Œå¦åˆ™è®¾ç½®ä¸ºä¸Šå‡æ²¿
C51 COMPILER V9.60.0.0   SIDEKEY                                                           04/29/2025 17:16:19 PAGE 4   

 176   3            GPIO_EnableInt(SideKeyGPIOG,GPIOMask(SideKeyGPIOx)); //ä½¿èƒ½ä¸­æ–­åŠŸèƒ½
 177   3            }
 178   2          } 
 179   1        //å¦‚æœæŒ‰é”®é‡Šæ”¾ç­‰å¾…è®¡æ—¶å™¨åœ¨è®¡æ—¶çš„è¯ï¼Œåˆ™é‡ç½®å®šæ—¶å™¨
 180   1        if(IsKeyPressed&&(KeyTimer[1]&0x80))KeyTimer[1]=0x80;
 181   1        //é•¿æŒ‰3ç§’çš„æ—¶é—´åˆ°
 182   1        buf=!SysMode?0x80+(unsigned char)LongPressTime:0x80+(unsigned char)LongPressTimeForTac; //åŠ¨æ€è®¡ç®—é•¿
             -æŒ‰äº‹ä»¶ç»“æŸçš„æ—¶é—´
 183   1        if(IsKeyPressed&&KeyTimer[0]==buf)
 184   1          {
 185   2          //å¤„ç†å¤šå‡»+é•¿æŒ‰äº‹ä»¶
 186   2          if(Keyevent.ShortPressCount>0)ClickAndHoldEventHandler(Keyevent.ShortPressCount);
 187   2          else //é•¿æŒ‰äº‹ä»¶
 188   2            {
 189   3            Keyevent.ShortPressCount=0;
 190   3            Keyevent.HoldStat=HoldEvent_H;//é•¿æŒ‰äº‹ä»¶å‘ç”Ÿ
 191   3            Keyevent.LongPressDetected=1;//é•¿æŒ‰æ£€æµ‹åˆ°äº†  
 192   3            }
 193   2          KeyTimer[0]=0;//å…³é—­å®šæ—¶å™¨
 194   2          }
 195   1        //è¿ç»­çŸ­æŒ‰åºåˆ—å·²ç»ç»“æŸ
 196   1        if(!IsKeyPressed&&KeyTimer[1]==0x80+(unsigned char)ContShortPressWindow)
 197   1          {
 198   2          KeyTimer[1]=0;//å…³é—­å®šæ—¶å™¨1
 199   2          if(!Keyevent.LongPressDetected) 
 200   2            Keyevent.ShortPressEvent=1;//å¦‚æœé•¿æŒ‰äº‹ä»¶å·²ç»ç”Ÿæ•ˆï¼Œåˆ™æ¾å¼€å¼€å…³æ—¶çŸ­æŒ‰äº‹ä»¶ä¸ç”Ÿæ•ˆ
 201   2          else 
 202   2            Keyevent.LongPressDetected=0; //æ¸…é™¤é•¿æŒ‰æ£€æµ‹åˆ°çš„ç»“æœ
 203   2          }
 204   1        }
 205          //è·å–ä¾§æŒ‰é”®ç‚¹æŒ‰æ¬¡æ•°çš„è·å–å‡½æ•°
 206          char getSideKeyShortPressCount(bit IsRemoveResult)
 207            {
 208   1        short buf;
 209   1        if(Keyevent.HoldStat!=HoldEvent_None)return 0;
 210   1        if(!Keyevent.ShortPressEvent)return 0;
 211   1        buf=Keyevent.ShortPressCount;
 212   1        if(IsRemoveResult)
 213   1          {
 214   2          Keyevent.ShortPressEvent=0; //è·å–äº†çŸ­æŒ‰ç»“æœä¹‹åå¤ä½
 215   2          Keyevent.ShortPressCount=0;  //è·å–äº†çŸ­æŒ‰è¿å‡»æ¬¡æ•°åæ¸…é›¶ç»“æœ
 216   2          }
 217   1        return buf;   
 218   1        }
 219          //è·å–ä¾§æŒ‰æŒ‰é”®é•¿æŒ‰2ç§’äº‹ä»¶çš„å‡½æ•°
 220          bit getSideKeyLongPressEvent(void)
 221            {
 222   1        if(Keyevent.HoldStat!=HoldEvent_H)return 0;
 223   1        else Keyevent.HoldStat=HoldEvent_None;
 224   1        return 1;
 225   1        }
 226          //è·å–ä¾§æŒ‰æŒ‰é”®ä¸€ç›´æŒ‰ä¸‹çš„å‡½æ•°
 227          bit getSideKeyHoldEvent(void)
 228            {
 229   1        return Keyevent.LongPressDetected?1:0;
 230   1        }
 231          //è·å–ä¾§æŒ‰æŒ‰é”®å•å‡»äº‹ä»¶
 232          bit getSideKey1HEvent(void)
 233            {
 234   1        return Keyevent.HoldStat==HoldEvent_1H?1:0;
 235   1        }
 236          //è·å–æŒ‰é”®å•å‡»+é•¿æŒ‰æ¬¡æ•°çš„æ“ä½œ
C51 COMPILER V9.60.0.0   SIDEKEY                                                           04/29/2025 17:16:19 PAGE 5   

 237          char getSideKeyNClickAndHoldEvent(void)
 238            {
 239   1        //Enumå€¼æ˜¯ç‰¹æ®Šè®¾è®¡çš„ï¼ŒæŒ‰é”®æ¬¡æ•°=enumå€¼-1
 240   1        return (char)(Keyevent.HoldStat)-1>0?(char)(Keyevent.HoldStat)-1:0;
 241   1        }


MODULE INFORMATION:   STATIC OVERLAYABLE
   CODE SIZE        =    619    ----
   CONSTANT SIZE    =   ----    ----
   XDATA SIZE       =      1    ----
   PDATA SIZE       =   ----    ----
   DATA SIZE        =      6       4
   IDATA SIZE       =   ----    ----
   BIT SIZE         =      1       1
   EDATA SIZE       =   ----    ----
   HDATA SIZE       =   ----    ----
   XDATA CONST SIZE =   ----    ----
   FAR CONST SIZE   =   ----    ----
END OF MODULE INFORMATION.


C51 COMPILATION COMPLETE.  0 WARNING(S),  0 ERROR(S)
